<?xml version="1.0" encoding="UTF-8"?>
<!-- Generated by org.testng.reporters.JUnitReportReporter -->
<testsuite hostname="DESKTOP-2C5BCTS" failures="0" tests="7" name="testcases.TestBoxTest" time="1.278" errors="0" timestamp="2024-09-30T21:16:05 IST" skipped="0">
  <testcase classname="testcases.TestBoxTest" name="clickelements" time="0.100"/>
  <system-out/>
  <testcase classname="testcases.TestBoxTest" name="clicktextbox" time="0.127"/>
  <system-out/>
  <testcase classname="testcases.TestBoxTest" name="FullName" time="0.194"/>
  <system-out/>
  <testcase classname="testcases.TestBoxTest" name="Email" time="0.163"/>
  <system-out/>
  <testcase classname="testcases.TestBoxTest" name="CurrentAddress" time="0.226"/>
  <system-out/>
  <testcase classname="testcases.TestBoxTest" name="PermanentAddress" time="0.302"/>
  <system-out/>
  <testcase classname="testcases.TestBoxTest" name="clicksubmitbutton" time="0.166"/>
  <system-out/>
</testsuite> <!-- testcases.TestBoxTest -->
