<?xml version="1.0" encoding="UTF-8"?>
<!-- Generated by org.testng.reporters.JUnitReportReporter -->
<testsuite hostname="DESKTOP-2C5BCTS" failures="0" tests="1" name="testcases.LoginTest" time="10.179" errors="0" timestamp="2024-09-28T02:21:59 IST" skipped="0">
  <testcase classname="testcases.LoginTest" name="pageTitel" time="10.179"/>
  <system-out/>
</testsuite> <!-- testcases.LoginTest -->
