<?xml version="1.0" encoding="UTF-8"?>
<!-- Generated by org.testng.reporters.JUnitReportReporter -->
<testsuite hostname="MayankVerma" failures="0" tests="8" name="testcases.TestBoxTest" time="1.127" errors="0" timestamp="2024-10-04T22:17:47 IST" skipped="0">
  <testcase classname="testcases.TestBoxTest" name="clickelements" time="0.072"/>
  <system-out/>
  <testcase classname="testcases.TestBoxTest" name="clicktextbox" time="0.134"/>
  <system-out/>
  <testcase classname="testcases.TestBoxTest" name="FullName" time="0.172"/>
  <system-out/>
  <testcase classname="testcases.TestBoxTest" name="Email" time="0.149"/>
  <system-out/>
  <testcase classname="testcases.TestBoxTest" name="CurrentAddress" time="0.160"/>
  <system-out/>
  <testcase classname="testcases.TestBoxTest" name="PermanentAddress" time="0.165"/>
  <system-out/>
  <testcase classname="testcases.TestBoxTest" name="clicksubmitbutton" time="0.121"/>
  <system-out/>
  <testcase classname="testcases.TestBoxTest" name="verify" time="0.154"/>
  <system-out/>
</testsuite> <!-- testcases.TestBoxTest -->
