<?xml version="1.0" encoding="UTF-8"?>
<!-- Generated by org.testng.reporters.JUnitReportReporter -->
<testsuite hostname="MayankVerma" failures="0" tests="1" name="testcases.LoginTest" time="12.277" errors="0" timestamp="2024-10-04T22:17:47 IST" skipped="0">
  <testcase classname="testcases.LoginTest" name="pageTitel" time="12.277"/>
  <system-out/>
</testsuite> <!-- testcases.LoginTest -->
