<?xml version="1.0" encoding="UTF-8"?>
<!-- Generated by org.testng.reporters.JUnitReportReporter -->
<testsuite hostname="DESKTOP-2C5BCTS" failures="0" tests="1" name="testcases.SignupTest" time="76.861" errors="0" timestamp="2024-09-25T00:55:33 IST" skipped="0">
  <testcase classname="testcases.SignupTest" name="RegistrationPageSignupbtn" time="76.861"/>
</testsuite> <!-- testcases.SignupTest -->
